<?xml version="1.0" encoding="UTF-8"?>
<testsuite name="FootballMatchReportsTest" tests="10" skipped="0" failures="0" errors="0" timestamp="2023-01-23T19:26:26" hostname="ALFREDOXPS" time="0.043">
  <properties/>
  <testcase name="test_goal" classname="FootballMatchReportsTest" time="0.035"/>
  <testcase name="test_exception_negative_number" classname="FootballMatchReportsTest" time="0.004"/>
  <testcase name="test_midfielder" classname="FootballMatchReportsTest" time="0.0"/>
  <testcase name="test_striker" classname="FootballMatchReportsTest" time="0.0"/>
  <testcase name="test_exception" classname="FootballMatchReportsTest" time="0.0"/>
  <testcase name="test_right_back" classname="FootballMatchReportsTest" time="0.0"/>
  <testcase name="test_right_wing" classname="FootballMatchReportsTest" time="0.0"/>
  <testcase name="test_left_back" classname="FootballMatchReportsTest" time="0.0"/>
  <testcase name="test_left_wing" classname="FootballMatchReportsTest" time="0.0"/>
  <testcase name="test_center_back" classname="FootballMatchReportsTest" time="0.0"/>
  <system-out><![CDATA[]]></system-out>
  <system-err><![CDATA[]]></system-err>
</testsuite>
