<?xml version="1.0" encoding="UTF-8"?>
<testsuite name="RemoteControlCarTest" tests="3" skipped="0" failures="0" errors="0" timestamp="2023-01-23T16:40:09" hostname="ALFREDOXPS" time="0.053">
  <properties/>
  <testcase name="race" classname="RemoteControlCarTest" time="0.044"/>
  <testcase name="rankCars" classname="RemoteControlCarTest" time="0.004"/>
  <testcase name="ensureCarsAreComparables" classname="RemoteControlCarTest" time="0.003"/>
  <system-out><![CDATA[]]></system-out>
  <system-err><![CDATA[]]></system-err>
</testsuite>
